Performing C++ SOURCE FILE Test CMAKE_HAVE_LIBC_PTHREAD failed with the following output:
Change Dir: C:/Users/shahinos/OneDrive - USN/Fagskolen i Viken/Qt_6_Fagskolen_2023/Uke_13_QMainWindow/build-mainWindow-Desktop_Qt_6_4_2_MSVC2019_64bit-Debug/CMakeFiles/CMakeTmp

Run Build Command(s):C:/PROGRA~1/MIB055~1/2022/ENTERP~1/Common7/IDE/COMMON~1/MICROS~1/CMake/Ninja/ninja.exe cmTC_5e600 && [1/2] Building CXX object CMakeFiles\cmTC_5e600.dir\src.cxx.obj
FAILED: CMakeFiles/cmTC_5e600.dir/src.cxx.obj 
C:\PROGRA~1\MIB055~1\2022\ENTERP~1\VC\Tools\MSVC\1434~1.319\bin\HostX64\x64\cl.exe  /nologo /TP -DCMAKE_HAVE_LIBC_PTHREAD  -DQT_QML_DEBUG /DWIN32 /D_WINDOWS /W3 /GR /EHsc  /MDd /Zi /Ob0 /Od /RTC1 -std:c++17 /showIncludes /FoCMakeFiles\cmTC_5e600.dir\src.cxx.obj /FdCMakeFiles\cmTC_5e600.dir\ /FS -c "C:\Users\shahinos\OneDrive - USN\Fagskolen i Viken\Qt_6_Fagskolen_2023\Uke_13_QMainWindow\build-mainWindow-Desktop_Qt_6_4_2_MSVC2019_64bit-Debug\CMakeFiles\CMakeTmp\src.cxx"
C:\Users\shahinos\OneDrive - USN\Fagskolen i Viken\Qt_6_Fagskolen_2023\Uke_13_QMainWindow\build-mainWindow-Desktop_Qt_6_4_2_MSVC2019_64bit-Debug\CMakeFiles\CMakeTmp\src.cxx(1): fatal error C1083: Cannot open include file: 'pthread.h': No such file or directory
ninja: build stopped: subcommand failed.


Source file was:
#include <pthread.h>

static void* test_func(void* data)
{
  return data;
}

int main(void)
{
  pthread_t thread;
  pthread_create(&thread, NULL, test_func, NULL);
  pthread_detach(thread);
  pthread_cancel(thread);
  pthread_join(thread, NULL);
  pthread_atfork(NULL, NULL, NULL);
  pthread_exit(NULL);

  return 0;
}

Determining if the function pthread_create exists in the pthreads failed with the following output:
Change Dir: C:/Users/shahinos/OneDrive - USN/Fagskolen i Viken/Qt_6_Fagskolen_2023/Uke_13_QMainWindow/build-mainWindow-Desktop_Qt_6_4_2_MSVC2019_64bit-Debug/CMakeFiles/CMakeTmp

Run Build Command(s):C:/PROGRA~1/MIB055~1/2022/ENTERP~1/Common7/IDE/COMMON~1/MICROS~1/CMake/Ninja/ninja.exe cmTC_71270 && [1/2] Building CXX object CMakeFiles\cmTC_71270.dir\CheckFunctionExists.cxx.obj
[2/2] Linking CXX executable cmTC_71270.exe
FAILED: cmTC_71270.exe 
cmd.exe /C "cd . && C:\Qt\Tools\CMake_64\bin\cmake.exe -E vs_link_exe --intdir=CMakeFiles\cmTC_71270.dir --rc=C:\PROGRA~2\WI3CF2~1\10\bin\100220~1.0\x64\rc.exe --mt=C:\PROGRA~2\WI3CF2~1\10\bin\100220~1.0\x64\mt.exe --manifests  -- C:\PROGRA~1\MIB055~1\2022\ENTERP~1\VC\Tools\MSVC\1434~1.319\bin\Hostx64\x64\link.exe /nologo CMakeFiles\cmTC_71270.dir\CheckFunctionExists.cxx.obj  /out:cmTC_71270.exe /implib:cmTC_71270.lib /pdb:cmTC_71270.pdb /version:0.0 /machine:x64  /debug /INCREMENTAL /subsystem:console  pthreads.lib  kernel32.lib user32.lib gdi32.lib winspool.lib shell32.lib ole32.lib oleaut32.lib uuid.lib comdlg32.lib advapi32.lib && cd ."
LINK Pass 1: command "C:\PROGRA~1\MIB055~1\2022\ENTERP~1\VC\Tools\MSVC\1434~1.319\bin\Hostx64\x64\link.exe /nologo CMakeFiles\cmTC_71270.dir\CheckFunctionExists.cxx.obj /out:cmTC_71270.exe /implib:cmTC_71270.lib /pdb:cmTC_71270.pdb /version:0.0 /machine:x64 /debug /INCREMENTAL /subsystem:console pthreads.lib kernel32.lib user32.lib gdi32.lib winspool.lib shell32.lib ole32.lib oleaut32.lib uuid.lib comdlg32.lib advapi32.lib /MANIFEST /MANIFESTFILE:CMakeFiles\cmTC_71270.dir/intermediate.manifest CMakeFiles\cmTC_71270.dir/manifest.res" failed (exit code 1104) with the following output:
LINK : fatal error LNK1104: cannot open file 'pthreads.lib'
ninja: build stopped: subcommand failed.



Determining if the function pthread_create exists in the pthread failed with the following output:
Change Dir: C:/Users/shahinos/OneDrive - USN/Fagskolen i Viken/Qt_6_Fagskolen_2023/Uke_13_QMainWindow/build-mainWindow-Desktop_Qt_6_4_2_MSVC2019_64bit-Debug/CMakeFiles/CMakeTmp

Run Build Command(s):C:/PROGRA~1/MIB055~1/2022/ENTERP~1/Common7/IDE/COMMON~1/MICROS~1/CMake/Ninja/ninja.exe cmTC_14dcb && [1/2] Building CXX object CMakeFiles\cmTC_14dcb.dir\CheckFunctionExists.cxx.obj
[2/2] Linking CXX executable cmTC_14dcb.exe
FAILED: cmTC_14dcb.exe 
cmd.exe /C "cd . && C:\Qt\Tools\CMake_64\bin\cmake.exe -E vs_link_exe --intdir=CMakeFiles\cmTC_14dcb.dir --rc=C:\PROGRA~2\WI3CF2~1\10\bin\100220~1.0\x64\rc.exe --mt=C:\PROGRA~2\WI3CF2~1\10\bin\100220~1.0\x64\mt.exe --manifests  -- C:\PROGRA~1\MIB055~1\2022\ENTERP~1\VC\Tools\MSVC\1434~1.319\bin\Hostx64\x64\link.exe /nologo CMakeFiles\cmTC_14dcb.dir\CheckFunctionExists.cxx.obj  /out:cmTC_14dcb.exe /implib:cmTC_14dcb.lib /pdb:cmTC_14dcb.pdb /version:0.0 /machine:x64  /debug /INCREMENTAL /subsystem:console  pthread.lib  kernel32.lib user32.lib gdi32.lib winspool.lib shell32.lib ole32.lib oleaut32.lib uuid.lib comdlg32.lib advapi32.lib && cd ."
LINK Pass 1: command "C:\PROGRA~1\MIB055~1\2022\ENTERP~1\VC\Tools\MSVC\1434~1.319\bin\Hostx64\x64\link.exe /nologo CMakeFiles\cmTC_14dcb.dir\CheckFunctionExists.cxx.obj /out:cmTC_14dcb.exe /implib:cmTC_14dcb.lib /pdb:cmTC_14dcb.pdb /version:0.0 /machine:x64 /debug /INCREMENTAL /subsystem:console pthread.lib kernel32.lib user32.lib gdi32.lib winspool.lib shell32.lib ole32.lib oleaut32.lib uuid.lib comdlg32.lib advapi32.lib /MANIFEST /MANIFESTFILE:CMakeFiles\cmTC_14dcb.dir/intermediate.manifest CMakeFiles\cmTC_14dcb.dir/manifest.res" failed (exit code 1104) with the following output:
LINK : fatal error LNK1104: cannot open file 'pthread.lib'
ninja: build stopped: subcommand failed.



